<?xml version="1.0" encoding="UTF-8"?>
<testng-results skipped="0" failed="0" total="1" passed="1">
  <reporter-output>
  </reporter-output>
  <suite name="Default suite" duration-ms="21327" started-at="2021-04-11T19:23:42Z" finished-at="2021-04-11T19:24:04Z">
    <groups>
      <group name="cucumber">
        <method signature="AbstractTestNGCucumberTests.feature(cucumber.api.testng.CucumberFeatureWrapper)[pri:0, instance:CucumberRunner.TestRunner@6646153]" name="feature" class="cucumber.api.testng.AbstractTestNGCucumberTests"/>
      </group> <!-- cucumber -->
    </groups>
    <test name="Default test" duration-ms="21327" started-at="2021-04-11T19:23:42Z" finished-at="2021-04-11T19:24:04Z">
      <class name="CucumberRunner.TestRunner">
        <test-method status="PASS" signature="setUpClass()[pri:0, instance:CucumberRunner.TestRunner@6646153]" name="setUpClass" is-config="true" duration-ms="260" started-at="2021-04-11T20:23:42Z" finished-at="2021-04-11T20:23:43Z">
          <reporter-output>
          </reporter-output>
        </test-method> <!-- setUpClass -->
        <test-method status="PASS" signature="feature(cucumber.api.testng.CucumberFeatureWrapper)[pri:0, instance:CucumberRunner.TestRunner@6646153]" name="feature" duration-ms="20950" started-at="2021-04-11T20:23:43Z" description="Runs Cucumber Feature" data-provider="features" finished-at="2021-04-11T20:24:04Z">
          <params>
            <param index="0">
              <value>
                <![CDATA[add summer dresses to cart]]>
              </value>
            </param>
          </params>
          <reporter-output>
          </reporter-output>
        </test-method> <!-- feature -->
        <test-method status="PASS" signature="tearDownClass()[pri:0, instance:CucumberRunner.TestRunner@6646153]" name="tearDownClass" is-config="true" duration-ms="9" started-at="2021-04-11T20:24:04Z" finished-at="2021-04-11T20:24:04Z">
          <reporter-output>
          </reporter-output>
        </test-method> <!-- tearDownClass -->
      </class> <!-- CucumberRunner.TestRunner -->
    </test> <!-- Default test -->
  </suite> <!-- Default suite -->
</testng-results>
